0 info it worked if it ends with ok
1 verbose cli [ '/home/ppty/.nvm/versions/node/v6.0.0/bin/node',
1 verbose cli   '/home/ppty/.nvm/versions/node/v6.0.0/bin/npm',
1 verbose cli   'run',
1 verbose cli   'start' ]
2 info using npm@3.8.6
3 info using node@v6.0.0
4 verbose run-script [ 'prestart', 'start', 'poststart' ]
5 info lifecycle pickpiki@1.0.0~prestart: pickpiki@1.0.0
6 silly lifecycle pickpiki@1.0.0~prestart: no script for prestart, continuing
7 info lifecycle pickpiki@1.0.0~start: pickpiki@1.0.0
8 verbose lifecycle pickpiki@1.0.0~start: unsafe-perm in lifecycle true
9 verbose lifecycle pickpiki@1.0.0~start: PATH: /home/ppty/.nvm/versions/node/v6.0.0/lib/node_modules/npm/bin/node-gyp-bin:/media/ppty/db97fc1c-51f5-49b6-a916-5554ec928707/PROJECT/NODE/pick-piki/node_modules/.bin:/home/ppty/.nvm/versions/node/v6.0.0/bin:/home/ppty/.nvm/versions/node/v6.0.0/bin:/usr/local/sbin:/usr/local/bin:/usr/sbin:/usr/bin:/sbin:/bin:/usr/games:/usr/local/games:/snap/bin:/home/ppty/Android/Sdk/tools:/home/ppty/Android/Sdk/platform-tools:/home/ppty/Documents/development/flutter/bin:/usr/lib/jvm/jdk1.8.0_221/bin:/home/ppty/Android/Sdk/tools:/home/ppty/Android/Sdk/platform-tools:/home/ppty/Documents/development/flutter/bin:/usr/lib/jvm/jdk1.8.0_221/bin
10 verbose lifecycle pickpiki@1.0.0~start: CWD: /media/ppty/db97fc1c-51f5-49b6-a916-5554ec928707/PROJECT/NODE/pick-piki
11 silly lifecycle pickpiki@1.0.0~start: Args: [ '-c', 'node dist/server.js' ]
12 silly lifecycle pickpiki@1.0.0~start: Returned: code: 1  signal: null
13 info lifecycle pickpiki@1.0.0~start: Failed to exec start script
14 verbose stack Error: pickpiki@1.0.0 start: `node dist/server.js`
14 verbose stack Exit status 1
14 verbose stack     at EventEmitter.<anonymous> (/home/ppty/.nvm/versions/node/v6.0.0/lib/node_modules/npm/lib/utils/lifecycle.js:239:16)
14 verbose stack     at emitTwo (events.js:106:13)
14 verbose stack     at EventEmitter.emit (events.js:191:7)
14 verbose stack     at ChildProcess.<anonymous> (/home/ppty/.nvm/versions/node/v6.0.0/lib/node_modules/npm/lib/utils/spawn.js:24:14)
14 verbose stack     at emitTwo (events.js:106:13)
14 verbose stack     at ChildProcess.emit (events.js:191:7)
14 verbose stack     at maybeClose (internal/child_process.js:850:16)
14 verbose stack     at Process.ChildProcess._handle.onexit (internal/child_process.js:215:5)
15 verbose pkgid pickpiki@1.0.0
16 verbose cwd /media/ppty/db97fc1c-51f5-49b6-a916-5554ec928707/PROJECT/NODE/pick-piki
17 error Linux 5.0.0-29-generic
18 error argv "/home/ppty/.nvm/versions/node/v6.0.0/bin/node" "/home/ppty/.nvm/versions/node/v6.0.0/bin/npm" "run" "start"
19 error node v6.0.0
20 error npm  v3.8.6
21 error code ELIFECYCLE
22 error pickpiki@1.0.0 start: `node dist/server.js`
22 error Exit status 1
23 error Failed at the pickpiki@1.0.0 start script 'node dist/server.js'.
23 error Make sure you have the latest version of node.js and npm installed.
23 error If you do, this is most likely a problem with the pickpiki package,
23 error not with npm itself.
23 error Tell the author that this fails on your system:
23 error     node dist/server.js
23 error You can get information on how to open an issue for this project with:
23 error     npm bugs pickpiki
23 error Or if that isn't available, you can get their info via:
23 error     npm owner ls pickpiki
23 error There is likely additional logging output above.
24 verbose exit [ 1, true ]
